<?xml version="1.0" encoding="UTF-8"?>
<!-- Generated by org.testng.reporters.JUnitReportReporter -->
<testsuite hostname="INLEN8520067330" failures="0" tests="1" name="Test.LoginTest" time="13.454" errors="0" timestamp="2023-01-25T11:34:35 IST" skipped="0">
  <testcase classname="Test.LoginTest" name="Login" time="13.454"/>
  <system-out/>
</testsuite> <!-- Test.LoginTest -->
